mode: set
server/handlers/authorization/auth/auth.go:10.61,14.12 3 1
server/handlers/authorization/auth/auth.go:14.12,18.17 3 1
server/handlers/authorization/auth/auth.go:23.3,24.18 2 1
server/handlers/authorization/auth/auth.go:18.17,21.4 2 0
server/handlers/authorization/auth/auth.go:25.8,27.3 1 1
server/handlers/authorization/auth/auth.go:30.55,32.39 2 1
server/handlers/authorization/auth/auth.go:38.2,38.33 1 1
server/handlers/authorization/auth/auth.go:44.2,44.28 1 1
server/handlers/authorization/auth/auth.go:32.39,33.18 1 1
server/handlers/authorization/auth/auth.go:33.18,35.4 1 1
server/handlers/authorization/auth/auth.go:38.33,39.37 1 1
server/handlers/authorization/auth/auth.go:39.37,41.4 1 1
