mode: set
server/authorization/pkg/infrastructure/persistence/session.go:19.58,23.2 1 1
server/authorization/pkg/infrastructure/persistence/session.go:25.101,27.16 2 1
server/authorization/pkg/infrastructure/persistence/session.go:31.2,36.16 5 1
server/authorization/pkg/infrastructure/persistence/session.go:39.2,39.18 1 1
server/authorization/pkg/infrastructure/persistence/session.go:43.2,44.16 2 1
server/authorization/pkg/infrastructure/persistence/session.go:47.2,47.20 1 1
server/authorization/pkg/infrastructure/persistence/session.go:51.2,51.58 1 1
server/authorization/pkg/infrastructure/persistence/session.go:27.16,29.3 1 0
server/authorization/pkg/infrastructure/persistence/session.go:36.16,38.3 1 1
server/authorization/pkg/infrastructure/persistence/session.go:39.18,41.3 1 1
server/authorization/pkg/infrastructure/persistence/session.go:44.16,46.3 1 0
server/authorization/pkg/infrastructure/persistence/session.go:47.20,49.3 1 0
server/authorization/pkg/infrastructure/persistence/session.go:54.102,60.16 5 1
server/authorization/pkg/infrastructure/persistence/session.go:63.2,63.18 1 1
server/authorization/pkg/infrastructure/persistence/session.go:67.2,68.25 2 1
server/authorization/pkg/infrastructure/persistence/session.go:74.2,74.39 1 1
server/authorization/pkg/infrastructure/persistence/session.go:60.16,62.3 1 1
server/authorization/pkg/infrastructure/persistence/session.go:63.18,65.3 1 1
server/authorization/pkg/infrastructure/persistence/session.go:68.25,70.3 1 0
server/authorization/pkg/infrastructure/persistence/session.go:70.8,70.23 1 1
server/authorization/pkg/infrastructure/persistence/session.go:70.23,72.3 1 0
server/authorization/pkg/infrastructure/persistence/session.go:77.102,83.16 5 1
server/authorization/pkg/infrastructure/persistence/session.go:86.2,86.18 1 1
server/authorization/pkg/infrastructure/persistence/session.go:90.2,91.16 2 1
server/authorization/pkg/infrastructure/persistence/session.go:95.2,95.30 1 1
server/authorization/pkg/infrastructure/persistence/session.go:83.16,85.3 1 1
server/authorization/pkg/infrastructure/persistence/session.go:86.18,88.3 1 1
server/authorization/pkg/infrastructure/persistence/session.go:91.16,93.3 1 0
server/authorization/pkg/infrastructure/persistence/session.go:98.41,102.43 3 1
server/authorization/pkg/infrastructure/persistence/session.go:106.2,106.44 1 1
server/authorization/pkg/infrastructure/persistence/session.go:110.2,110.47 1 1
server/authorization/pkg/infrastructure/persistence/session.go:102.43,104.3 1 0
server/authorization/pkg/infrastructure/persistence/session.go:106.44,108.3 1 0
